CRITICAL - 2022-05-10 01:43:56 --> Undefined variable: data
#0 /media/data/tkj12/tkj26/PPDB/app/Models/ModelPekerjaan.php(20): CodeIgniter\Debug\Exceptions->errorHandler()
#1 /media/data/tkj12/tkj26/PPDB/app/Controllers/Pekerjaan.php(33): App\Models\Modelpekerjaan->insertData()
#2 /media/data/tkj12/tkj26/PPDB/vendor/codeigniter4/framework/system/CodeIgniter.php(832): App\Controllers\Pekerjaan->insertData()
#3 /media/data/tkj12/tkj26/PPDB/vendor/codeigniter4/framework/system/CodeIgniter.php(419): CodeIgniter\CodeIgniter->runController()
#4 /media/data/tkj12/tkj26/PPDB/vendor/codeigniter4/framework/system/CodeIgniter.php(326): CodeIgniter\CodeIgniter->handleRequest()
#5 /media/data/tkj12/tkj26/PPDB/public/index.php(37): CodeIgniter\CodeIgniter->run()
#6 {main}
ERROR - 2022-05-10 01:57:06 --> Operand should contain 1 column(s)
CRITICAL - 2022-05-10 01:57:06 --> Operand should contain 1 column(s)
#0 /media/data/tkj12/tkj26/PPDB/vendor/codeigniter4/framework/system/Database/MySQLi/Connection.php(292): mysqli->query()
#1 /media/data/tkj12/tkj26/PPDB/vendor/codeigniter4/framework/system/Database/BaseConnection.php(670): CodeIgniter\Database\MySQLi\Connection->execute()
#2 /media/data/tkj12/tkj26/PPDB/vendor/codeigniter4/framework/system/Database/BaseConnection.php(598): CodeIgniter\Database\BaseConnection->simpleQuery()
#3 /media/data/tkj12/tkj26/PPDB/vendor/codeigniter4/framework/system/Database/BaseBuilder.php(1771): CodeIgniter\Database\BaseConnection->query()
#4 /media/data/tkj12/tkj26/PPDB/app/Models/ModelPekerjaan.php(20): CodeIgniter\Database\BaseBuilder->insert()
#5 /media/data/tkj12/tkj26/PPDB/app/Controllers/Pekerjaan.php(35): App\Models\ModelPekerjaan->insertData()
#6 /media/data/tkj12/tkj26/PPDB/vendor/codeigniter4/framework/system/CodeIgniter.php(832): App\Controllers\Pekerjaan->insertData()
#7 /media/data/tkj12/tkj26/PPDB/vendor/codeigniter4/framework/system/CodeIgniter.php(419): CodeIgniter\CodeIgniter->runController()
#8 /media/data/tkj12/tkj26/PPDB/vendor/codeigniter4/framework/system/CodeIgniter.php(326): CodeIgniter\CodeIgniter->handleRequest()
#9 /media/data/tkj12/tkj26/PPDB/public/index.php(37): CodeIgniter\CodeIgniter->run()
#10 {main}
ERROR - 2022-05-10 01:57:42 --> Operand should contain 1 column(s)
CRITICAL - 2022-05-10 01:57:42 --> Operand should contain 1 column(s)
#0 /media/data/tkj12/tkj26/PPDB/vendor/codeigniter4/framework/system/Database/MySQLi/Connection.php(292): mysqli->query()
#1 /media/data/tkj12/tkj26/PPDB/vendor/codeigniter4/framework/system/Database/BaseConnection.php(670): CodeIgniter\Database\MySQLi\Connection->execute()
#2 /media/data/tkj12/tkj26/PPDB/vendor/codeigniter4/framework/system/Database/BaseConnection.php(598): CodeIgniter\Database\BaseConnection->simpleQuery()
#3 /media/data/tkj12/tkj26/PPDB/vendor/codeigniter4/framework/system/Database/BaseBuilder.php(1771): CodeIgniter\Database\BaseConnection->query()
#4 /media/data/tkj12/tkj26/PPDB/app/Models/ModelPekerjaan.php(20): CodeIgniter\Database\BaseBuilder->insert()
#5 /media/data/tkj12/tkj26/PPDB/app/Controllers/Pekerjaan.php(35): App\Models\ModelPekerjaan->insertData()
#6 /media/data/tkj12/tkj26/PPDB/vendor/codeigniter4/framework/system/CodeIgniter.php(832): App\Controllers\Pekerjaan->insertData()
#7 /media/data/tkj12/tkj26/PPDB/vendor/codeigniter4/framework/system/CodeIgniter.php(419): CodeIgniter\CodeIgniter->runController()
#8 /media/data/tkj12/tkj26/PPDB/vendor/codeigniter4/framework/system/CodeIgniter.php(326): CodeIgniter\CodeIgniter->handleRequest()
#9 /media/data/tkj12/tkj26/PPDB/public/index.php(37): CodeIgniter\CodeIgniter->run()
#10 {main}
ERROR - 2022-05-10 01:58:14 --> Operand should contain 1 column(s)
CRITICAL - 2022-05-10 01:58:14 --> Operand should contain 1 column(s)
#0 /media/data/tkj12/tkj26/PPDB/vendor/codeigniter4/framework/system/Database/MySQLi/Connection.php(292): mysqli->query()
#1 /media/data/tkj12/tkj26/PPDB/vendor/codeigniter4/framework/system/Database/BaseConnection.php(670): CodeIgniter\Database\MySQLi\Connection->execute()
#2 /media/data/tkj12/tkj26/PPDB/vendor/codeigniter4/framework/system/Database/BaseConnection.php(598): CodeIgniter\Database\BaseConnection->simpleQuery()
#3 /media/data/tkj12/tkj26/PPDB/vendor/codeigniter4/framework/system/Database/BaseBuilder.php(1771): CodeIgniter\Database\BaseConnection->query()
#4 /media/data/tkj12/tkj26/PPDB/app/Models/ModelPekerjaan.php(20): CodeIgniter\Database\BaseBuilder->insert()
#5 /media/data/tkj12/tkj26/PPDB/app/Controllers/Pekerjaan.php(35): App\Models\ModelPekerjaan->insertData()
#6 /media/data/tkj12/tkj26/PPDB/vendor/codeigniter4/framework/system/CodeIgniter.php(832): App\Controllers\Pekerjaan->insertData()
#7 /media/data/tkj12/tkj26/PPDB/vendor/codeigniter4/framework/system/CodeIgniter.php(419): CodeIgniter\CodeIgniter->runController()
#8 /media/data/tkj12/tkj26/PPDB/vendor/codeigniter4/framework/system/CodeIgniter.php(326): CodeIgniter\CodeIgniter->handleRequest()
#9 /media/data/tkj12/tkj26/PPDB/public/index.php(37): CodeIgniter\CodeIgniter->run()
#10 {main}
